{"E:\\Reps\\BootcampGoStack\\aulas\\appgobarber\\src\\components\\Button\\index.tsx": {"path":"E:\\Reps\\BootcampGoStack\\aulas\\appgobarber\\src\\components\\Button\\index.tsx","statementMap":{"0":{"start":{"line":9,"column":38},"end":{"line":13,"column":1}},"1":{"start":{"line":10,"column":2},"end":{"line":12,"column":14}}},"fnMap":{"0":{"name":"(anonymous_0)","decl":{"start":{"line":9,"column":38},"end":{"line":9,"column":39}},"loc":{"start":{"line":10,"column":2},"end":{"line":12,"column":14}},"line":10}},"branchMap":{},"s":{"0":1,"1":1},"f":{"0":1},"b":{},"_coverageSchema":"1a1c01bbd47fc00a2c39e90264f33305004495a9","hash":"df310af473131983ba987449f0d1080b7e0efaa4"}
,"E:\\Reps\\BootcampGoStack\\aulas\\appgobarber\\src\\components\\Input\\index.tsx": {"path":"E:\\Reps\\BootcampGoStack\\aulas\\appgobarber\\src\\components\\Input\\index.tsx","statementMap":{"0":{"start":{"line":28,"column":68},"end":{"line":86,"column":1}},"1":{"start":{"line":33,"column":26},"end":{"line":33,"column":43}},"2":{"start":{"line":35,"column":65},"end":{"line":35,"column":79}},"3":{"start":{"line":36,"column":24},"end":{"line":36,"column":76}},"4":{"start":{"line":38,"column":36},"end":{"line":38,"column":51}},"5":{"start":{"line":39,"column":34},"end":{"line":39,"column":49}},"6":{"start":{"line":41,"column":27},"end":{"line":43,"column":8}},"7":{"start":{"line":42,"column":4},"end":{"line":42,"column":23}},"8":{"start":{"line":45,"column":26},"end":{"line":49,"column":8}},"9":{"start":{"line":46,"column":4},"end":{"line":46,"column":24}},"10":{"start":{"line":48,"column":4},"end":{"line":48,"column":47}},"11":{"start":{"line":51,"column":2},"end":{"line":55,"column":6}},"12":{"start":{"line":51,"column":34},"end":{"line":55,"column":3}},"13":{"start":{"line":53,"column":6},"end":{"line":53,"column":38}},"14":{"start":{"line":57,"column":2},"end":{"line":63,"column":33}},"15":{"start":{"line":58,"column":4},"end":{"line":62,"column":7}},"16":{"start":{"line":65,"column":2},"end":{"line":85,"column":4}},"17":{"start":{"line":80,"column":10},"end":{"line":80,"column":46}}},"fnMap":{"0":{"name":"(anonymous_0)","decl":{"start":{"line":28,"column":68},"end":{"line":28,"column":69}},"loc":{"start":{"line":31,"column":5},"end":{"line":86,"column":1}},"line":31},"1":{"name":"(anonymous_1)","decl":{"start":{"line":41,"column":39},"end":{"line":41,"column":40}},"loc":{"start":{"line":41,"column":45},"end":{"line":43,"column":3}},"line":41},"2":{"name":"(anonymous_2)","decl":{"start":{"line":45,"column":38},"end":{"line":45,"column":39}},"loc":{"start":{"line":45,"column":44},"end":{"line":49,"column":3}},"line":45},"3":{"name":"(anonymous_3)","decl":{"start":{"line":51,"column":27},"end":{"line":51,"column":28}},"loc":{"start":{"line":51,"column":34},"end":{"line":55,"column":3}},"line":51},"4":{"name":"(anonymous_4)","decl":{"start":{"line":52,"column":4},"end":{"line":52,"column":5}},"loc":{"start":{"line":52,"column":12},"end":{"line":54,"column":5}},"line":52},"5":{"name":"(anonymous_5)","decl":{"start":{"line":57,"column":12},"end":{"line":57,"column":13}},"loc":{"start":{"line":57,"column":18},"end":{"line":63,"column":3}},"line":57},"6":{"name":"(anonymous_6)","decl":{"start":{"line":79,"column":22},"end":{"line":79,"column":23}},"loc":{"start":{"line":79,"column":31},"end":{"line":81,"column":9}},"line":79}},"branchMap":{"0":{"loc":{"start":{"line":35,"column":25},"end":{"line":35,"column":42}},"type":"default-arg","locations":[{"start":{"line":35,"column":40},"end":{"line":35,"column":42}}],"line":35},"1":{"loc":{"start":{"line":70,"column":15},"end":{"line":70,"column":60}},"type":"cond-expr","locations":[{"start":{"line":70,"column":39},"end":{"line":70,"column":48}},{"start":{"line":70,"column":51},"end":{"line":70,"column":60}}],"line":70},"2":{"loc":{"start":{"line":70,"column":15},"end":{"line":70,"column":36}},"type":"binary-expr","locations":[{"start":{"line":70,"column":15},"end":{"line":70,"column":24}},{"start":{"line":70,"column":28},"end":{"line":70,"column":36}}],"line":70}},"s":{"0":1,"1":2,"2":2,"3":2,"4":2,"5":2,"6":2,"7":0,"8":2,"9":0,"10":0,"11":2,"12":1,"13":0,"14":2,"15":2,"16":2,"17":0},"f":{"0":2,"1":0,"2":0,"3":1,"4":0,"5":2,"6":0},"b":{"0":[2],"1":[0,2],"2":[2,2]},"_coverageSchema":"1a1c01bbd47fc00a2c39e90264f33305004495a9","hash":"1690e3fb4cb06ec7ebbf5792e40d8a3d123b43ee"}
,"E:\\Reps\\BootcampGoStack\\aulas\\appgobarber\\src\\hooks\\auth.tsx": {"path":"E:\\Reps\\BootcampGoStack\\aulas\\appgobarber\\src\\hooks\\auth.tsx","statementMap":{"0":{"start":{"line":33,"column":20},"end":{"line":33,"column":73}},"1":{"start":{"line":35,"column":31},"end":{"line":101,"column":1}},"2":{"start":{"line":36,"column":26},"end":{"line":36,"column":62}},"3":{"start":{"line":37,"column":32},"end":{"line":37,"column":46}},"4":{"start":{"line":39,"column":2},"end":{"line":56,"column":9}},"5":{"start":{"line":41,"column":28},"end":{"line":44,"column":8}},"6":{"start":{"line":46,"column":6},"end":{"line":50,"column":7}},"7":{"start":{"line":47,"column":8},"end":{"line":47,"column":66}},"8":{"start":{"line":49,"column":8},"end":{"line":49,"column":64}},"9":{"start":{"line":52,"column":6},"end":{"line":52,"column":24}},"10":{"start":{"line":55,"column":4},"end":{"line":55,"column":22}},"11":{"start":{"line":58,"column":17},"end":{"line":74,"column":8}},"12":{"start":{"line":59,"column":21},"end":{"line":62,"column":6}},"13":{"start":{"line":64,"column":28},"end":{"line":64,"column":41}},"14":{"start":{"line":66,"column":4},"end":{"line":69,"column":7}},"15":{"start":{"line":71,"column":4},"end":{"line":71,"column":62}},"16":{"start":{"line":73,"column":4},"end":{"line":73,"column":29}},"17":{"start":{"line":76,"column":18},"end":{"line":80,"column":8}},"18":{"start":{"line":77,"column":4},"end":{"line":77,"column":74}},"19":{"start":{"line":79,"column":4},"end":{"line":79,"column":29}},"20":{"start":{"line":82,"column":21},"end":{"line":92,"column":3}},"21":{"start":{"line":84,"column":6},"end":{"line":84,"column":73}},"22":{"start":{"line":86,"column":6},"end":{"line":89,"column":9}},"23":{"start":{"line":94,"column":2},"end":{"line":100,"column":4}},"24":{"start":{"line":104,"column":18},"end":{"line":104,"column":41}},"25":{"start":{"line":106,"column":2},"end":{"line":108,"column":3}},"26":{"start":{"line":107,"column":4},"end":{"line":107,"column":67}},"27":{"start":{"line":110,"column":2},"end":{"line":110,"column":17}}},"fnMap":{"0":{"name":"(anonymous_0)","decl":{"start":{"line":35,"column":31},"end":{"line":35,"column":32}},"loc":{"start":{"line":35,"column":49},"end":{"line":101,"column":1}},"line":35},"1":{"name":"(anonymous_1)","decl":{"start":{"line":39,"column":12},"end":{"line":39,"column":13}},"loc":{"start":{"line":39,"column":18},"end":{"line":56,"column":3}},"line":39},"2":{"name":"loadStorageData","decl":{"start":{"line":40,"column":19},"end":{"line":40,"column":34}},"loc":{"start":{"line":40,"column":52},"end":{"line":53,"column":5}},"line":40},"3":{"name":"(anonymous_3)","decl":{"start":{"line":58,"column":29},"end":{"line":58,"column":30}},"loc":{"start":{"line":58,"column":60},"end":{"line":74,"column":3}},"line":58},"4":{"name":"(anonymous_4)","decl":{"start":{"line":76,"column":30},"end":{"line":76,"column":31}},"loc":{"start":{"line":76,"column":42},"end":{"line":80,"column":3}},"line":76},"5":{"name":"(anonymous_5)","decl":{"start":{"line":83,"column":4},"end":{"line":83,"column":5}},"loc":{"start":{"line":83,"column":26},"end":{"line":90,"column":5}},"line":83},"6":{"name":"useAuth","decl":{"start":{"line":103,"column":9},"end":{"line":103,"column":16}},"loc":{"start":{"line":103,"column":36},"end":{"line":111,"column":1}},"line":103}},"branchMap":{"0":{"loc":{"start":{"line":46,"column":6},"end":{"line":50,"column":7}},"type":"if","locations":[{"start":{"line":46,"column":6},"end":{"line":50,"column":7}},{"start":{"line":46,"column":6},"end":{"line":50,"column":7}}],"line":46},"1":{"loc":{"start":{"line":46,"column":10},"end":{"line":46,"column":29}},"type":"binary-expr","locations":[{"start":{"line":46,"column":10},"end":{"line":46,"column":18}},{"start":{"line":46,"column":22},"end":{"line":46,"column":29}}],"line":46},"2":{"loc":{"start":{"line":106,"column":2},"end":{"line":108,"column":3}},"type":"if","locations":[{"start":{"line":106,"column":2},"end":{"line":108,"column":3}},{"start":{"line":106,"column":2},"end":{"line":108,"column":3}}],"line":106}},"s":{"0":1,"1":1,"2":0,"3":0,"4":0,"5":0,"6":0,"7":0,"8":0,"9":0,"10":0,"11":0,"12":0,"13":0,"14":0,"15":0,"16":0,"17":0,"18":0,"19":0,"20":0,"21":0,"22":0,"23":0,"24":1,"25":1,"26":0,"27":1},"f":{"0":0,"1":0,"2":0,"3":0,"4":0,"5":0,"6":1},"b":{"0":[0,0],"1":[0,0],"2":[0,1]},"_coverageSchema":"1a1c01bbd47fc00a2c39e90264f33305004495a9","hash":"11f9c34fd650fefed3a0d53655c075426d1f7b21"}
,"E:\\Reps\\BootcampGoStack\\aulas\\appgobarber\\src\\pages\\AppointmentCreated\\index.tsx": {"path":"E:\\Reps\\BootcampGoStack\\aulas\\appgobarber\\src\\pages\\AppointmentCreated\\index.tsx","statementMap":{"0":{"start":{"line":20,"column":37},"end":{"line":55,"column":1}},"1":{"start":{"line":21,"column":20},"end":{"line":21,"column":35}},"2":{"start":{"line":22,"column":21},"end":{"line":22,"column":31}},"3":{"start":{"line":24,"column":22},"end":{"line":24,"column":43}},"4":{"start":{"line":26,"column":26},"end":{"line":31,"column":13}},"5":{"start":{"line":27,"column":4},"end":{"line":30,"column":7}},"6":{"start":{"line":33,"column":24},"end":{"line":41,"column":24}},"7":{"start":{"line":34,"column":4},"end":{"line":40,"column":6}},"8":{"start":{"line":43,"column":2},"end":{"line":54,"column":4}}},"fnMap":{"0":{"name":"(anonymous_0)","decl":{"start":{"line":20,"column":37},"end":{"line":20,"column":38}},"loc":{"start":{"line":20,"column":43},"end":{"line":55,"column":1}},"line":20},"1":{"name":"(anonymous_1)","decl":{"start":{"line":26,"column":38},"end":{"line":26,"column":39}},"loc":{"start":{"line":26,"column":44},"end":{"line":31,"column":3}},"line":26},"2":{"name":"(anonymous_2)","decl":{"start":{"line":33,"column":32},"end":{"line":33,"column":33}},"loc":{"start":{"line":33,"column":38},"end":{"line":41,"column":3}},"line":33}},"branchMap":{},"s":{"0":0,"1":0,"2":0,"3":0,"4":0,"5":0,"6":0,"7":0,"8":0},"f":{"0":0,"1":0,"2":0},"b":{}}
,"E:\\Reps\\BootcampGoStack\\aulas\\appgobarber\\src\\pages\\CreateAppointment\\index.tsx": {"path":"E:\\Reps\\BootcampGoStack\\aulas\\appgobarber\\src\\pages\\CreateAppointment\\index.tsx","statementMap":{"0":{"start":{"line":53,"column":36},"end":{"line":273,"column":1}},"1":{"start":{"line":54,"column":19},"end":{"line":54,"column":28}},"2":{"start":{"line":55,"column":16},"end":{"line":55,"column":26}},"3":{"start":{"line":56,"column":31},"end":{"line":56,"column":46}},"4":{"start":{"line":58,"column":22},"end":{"line":58,"column":49}},"5":{"start":{"line":60,"column":42},"end":{"line":60,"column":74}},"6":{"start":{"line":61,"column":46},"end":{"line":61,"column":61}},"7":{"start":{"line":62,"column":42},"end":{"line":62,"column":62}},"8":{"start":{"line":63,"column":42},"end":{"line":63,"column":53}},"9":{"start":{"line":64,"column":36},"end":{"line":64,"column":60}},"10":{"start":{"line":65,"column":50},"end":{"line":67,"column":3}},"11":{"start":{"line":69,"column":2},"end":{"line":73,"column":9}},"12":{"start":{"line":70,"column":4},"end":{"line":72,"column":7}},"13":{"start":{"line":71,"column":6},"end":{"line":71,"column":34}},"14":{"start":{"line":75,"column":2},"end":{"line":87,"column":39}},"15":{"start":{"line":76,"column":4},"end":{"line":86,"column":9}},"16":{"start":{"line":85,"column":8},"end":{"line":85,"column":39}},"17":{"start":{"line":89,"column":23},"end":{"line":91,"column":14}},"18":{"start":{"line":90,"column":4},"end":{"line":90,"column":13}},"19":{"start":{"line":93,"column":31},"end":{"line":95,"column":8}},"20":{"start":{"line":94,"column":4},"end":{"line":94,"column":36}},"21":{"start":{"line":97,"column":33},"end":{"line":99,"column":8}},"22":{"start":{"line":98,"column":4},"end":{"line":98,"column":39}},"23":{"start":{"line":98,"column":31},"end":{"line":98,"column":37}},"24":{"start":{"line":101,"column":28},"end":{"line":112,"column":3}},"25":{"start":{"line":103,"column":6},"end":{"line":105,"column":7}},"26":{"start":{"line":104,"column":8},"end":{"line":104,"column":33}},"27":{"start":{"line":107,"column":6},"end":{"line":109,"column":7}},"28":{"start":{"line":108,"column":8},"end":{"line":108,"column":30}},"29":{"start":{"line":114,"column":27},"end":{"line":116,"column":8}},"30":{"start":{"line":115,"column":4},"end":{"line":115,"column":26}},"31":{"start":{"line":118,"column":34},"end":{"line":139,"column":62}},"32":{"start":{"line":119,"column":4},"end":{"line":138,"column":5}},"33":{"start":{"line":120,"column":19},"end":{"line":120,"column":41}},"34":{"start":{"line":122,"column":6},"end":{"line":122,"column":34}},"35":{"start":{"line":123,"column":6},"end":{"line":123,"column":25}},"36":{"start":{"line":125,"column":6},"end":{"line":128,"column":9}},"37":{"start":{"line":130,"column":6},"end":{"line":132,"column":9}},"38":{"start":{"line":134,"column":6},"end":{"line":137,"column":8}},"39":{"start":{"line":141,"column":30},"end":{"line":151,"column":20}},"40":{"start":{"line":142,"column":4},"end":{"line":150,"column":9}},"41":{"start":{"line":143,"column":28},"end":{"line":143,"column":37}},"42":{"start":{"line":145,"column":8},"end":{"line":149,"column":10}},"43":{"start":{"line":153,"column":32},"end":{"line":163,"column":20}},"44":{"start":{"line":154,"column":4},"end":{"line":162,"column":9}},"45":{"start":{"line":155,"column":28},"end":{"line":155,"column":38}},"46":{"start":{"line":157,"column":8},"end":{"line":161,"column":10}},"47":{"start":{"line":165,"column":2},"end":{"line":272,"column":4}},"48":{"start":{"line":187,"column":38},"end":{"line":187,"column":49}},"49":{"start":{"line":189,"column":14},"end":{"line":197,"column":34}},"50":{"start":{"line":190,"column":31},"end":{"line":190,"column":64}},"51":{"start":{"line":229,"column":16},"end":{"line":239,"column":23}},"52":{"start":{"line":232,"column":33},"end":{"line":232,"column":55}},"53":{"start":{"line":250,"column":18},"end":{"line":260,"column":25}},"54":{"start":{"line":253,"column":35},"end":{"line":253,"column":57}}},"fnMap":{"0":{"name":"(anonymous_0)","decl":{"start":{"line":53,"column":36},"end":{"line":53,"column":37}},"loc":{"start":{"line":53,"column":42},"end":{"line":273,"column":1}},"line":53},"1":{"name":"(anonymous_1)","decl":{"start":{"line":69,"column":12},"end":{"line":69,"column":13}},"loc":{"start":{"line":69,"column":18},"end":{"line":73,"column":3}},"line":69},"2":{"name":"(anonymous_2)","decl":{"start":{"line":70,"column":30},"end":{"line":70,"column":31}},"loc":{"start":{"line":70,"column":42},"end":{"line":72,"column":5}},"line":70},"3":{"name":"(anonymous_3)","decl":{"start":{"line":75,"column":12},"end":{"line":75,"column":13}},"loc":{"start":{"line":75,"column":18},"end":{"line":87,"column":3}},"line":75},"4":{"name":"(anonymous_4)","decl":{"start":{"line":84,"column":12},"end":{"line":84,"column":13}},"loc":{"start":{"line":84,"column":24},"end":{"line":86,"column":7}},"line":84},"5":{"name":"(anonymous_5)","decl":{"start":{"line":89,"column":35},"end":{"line":89,"column":36}},"loc":{"start":{"line":89,"column":41},"end":{"line":91,"column":3}},"line":89},"6":{"name":"(anonymous_6)","decl":{"start":{"line":93,"column":43},"end":{"line":93,"column":44}},"loc":{"start":{"line":93,"column":67},"end":{"line":95,"column":3}},"line":93},"7":{"name":"(anonymous_7)","decl":{"start":{"line":97,"column":45},"end":{"line":97,"column":46}},"loc":{"start":{"line":97,"column":51},"end":{"line":99,"column":3}},"line":97},"8":{"name":"(anonymous_8)","decl":{"start":{"line":98,"column":22},"end":{"line":98,"column":23}},"loc":{"start":{"line":98,"column":31},"end":{"line":98,"column":37}},"line":98},"9":{"name":"(anonymous_9)","decl":{"start":{"line":102,"column":4},"end":{"line":102,"column":5}},"loc":{"start":{"line":102,"column":44},"end":{"line":110,"column":5}},"line":102},"10":{"name":"(anonymous_10)","decl":{"start":{"line":114,"column":39},"end":{"line":114,"column":40}},"loc":{"start":{"line":114,"column":57},"end":{"line":116,"column":3}},"line":114},"11":{"name":"(anonymous_11)","decl":{"start":{"line":118,"column":46},"end":{"line":118,"column":47}},"loc":{"start":{"line":118,"column":58},"end":{"line":139,"column":3}},"line":118},"12":{"name":"(anonymous_12)","decl":{"start":{"line":141,"column":38},"end":{"line":141,"column":39}},"loc":{"start":{"line":141,"column":44},"end":{"line":151,"column":3}},"line":141},"13":{"name":"(anonymous_13)","decl":{"start":{"line":143,"column":14},"end":{"line":143,"column":15}},"loc":{"start":{"line":143,"column":28},"end":{"line":143,"column":37}},"line":143},"14":{"name":"(anonymous_14)","decl":{"start":{"line":144,"column":11},"end":{"line":144,"column":12}},"loc":{"start":{"line":144,"column":36},"end":{"line":150,"column":7}},"line":144},"15":{"name":"(anonymous_15)","decl":{"start":{"line":153,"column":40},"end":{"line":153,"column":41}},"loc":{"start":{"line":153,"column":46},"end":{"line":163,"column":3}},"line":153},"16":{"name":"(anonymous_16)","decl":{"start":{"line":155,"column":14},"end":{"line":155,"column":15}},"loc":{"start":{"line":155,"column":28},"end":{"line":155,"column":38}},"line":155},"17":{"name":"(anonymous_17)","decl":{"start":{"line":156,"column":11},"end":{"line":156,"column":12}},"loc":{"start":{"line":156,"column":36},"end":{"line":162,"column":7}},"line":156},"18":{"name":"(anonymous_18)","decl":{"start":{"line":187,"column":26},"end":{"line":187,"column":27}},"loc":{"start":{"line":187,"column":38},"end":{"line":187,"column":49}},"line":187},"19":{"name":"(anonymous_19)","decl":{"start":{"line":188,"column":24},"end":{"line":188,"column":25}},"loc":{"start":{"line":189,"column":14},"end":{"line":197,"column":34}},"line":189},"20":{"name":"(anonymous_20)","decl":{"start":{"line":190,"column":25},"end":{"line":190,"column":26}},"loc":{"start":{"line":190,"column":31},"end":{"line":190,"column":64}},"line":190},"21":{"name":"(anonymous_21)","decl":{"start":{"line":228,"column":39},"end":{"line":228,"column":40}},"loc":{"start":{"line":229,"column":16},"end":{"line":239,"column":23}},"line":229},"22":{"name":"(anonymous_22)","decl":{"start":{"line":232,"column":27},"end":{"line":232,"column":28}},"loc":{"start":{"line":232,"column":33},"end":{"line":232,"column":55}},"line":232},"23":{"name":"(anonymous_23)","decl":{"start":{"line":249,"column":16},"end":{"line":249,"column":17}},"loc":{"start":{"line":250,"column":18},"end":{"line":260,"column":25}},"line":250},"24":{"name":"(anonymous_24)","decl":{"start":{"line":253,"column":29},"end":{"line":253,"column":30}},"loc":{"start":{"line":253,"column":35},"end":{"line":253,"column":57}},"line":253}},"branchMap":{"0":{"loc":{"start":{"line":103,"column":6},"end":{"line":105,"column":7}},"type":"if","locations":[{"start":{"line":103,"column":6},"end":{"line":105,"column":7}},{"start":{"line":103,"column":6},"end":{"line":105,"column":7}}],"line":103},"1":{"loc":{"start":{"line":107,"column":6},"end":{"line":109,"column":7}},"type":"if","locations":[{"start":{"line":107,"column":6},"end":{"line":109,"column":7}},{"start":{"line":107,"column":6},"end":{"line":109,"column":7}}],"line":107},"2":{"loc":{"start":{"line":211,"column":11},"end":{"line":219,"column":11}},"type":"binary-expr","locations":[{"start":{"line":211,"column":11},"end":{"line":211,"column":25}},{"start":{"line":212,"column":12},"end":{"line":218,"column":14}}],"line":211},"3":{"loc":{"start":{"line":213,"column":19},"end":{"line":213,"column":68}},"type":"binary-expr","locations":[{"start":{"line":213,"column":19},"end":{"line":213,"column":40}},{"start":{"line":213,"column":44},"end":{"line":213,"column":68}}],"line":213},"4":{"loc":{"start":{"line":216,"column":23},"end":{"line":216,"column":73}},"type":"cond-expr","locations":[{"start":{"line":216,"column":51},"end":{"line":216,"column":61}},{"start":{"line":216,"column":64},"end":{"line":216,"column":73}}],"line":216}},"s":{"0":0,"1":0,"2":0,"3":0,"4":0,"5":0,"6":0,"7":0,"8":0,"9":0,"10":0,"11":0,"12":0,"13":0,"14":0,"15":0,"16":0,"17":0,"18":0,"19":0,"20":0,"21":0,"22":0,"23":0,"24":0,"25":0,"26":0,"27":0,"28":0,"29":0,"30":0,"31":0,"32":0,"33":0,"34":0,"35":0,"36":0,"37":0,"38":0,"39":0,"40":0,"41":0,"42":0,"43":0,"44":0,"45":0,"46":0,"47":0,"48":0,"49":0,"50":0,"51":0,"52":0,"53":0,"54":0},"f":{"0":0,"1":0,"2":0,"3":0,"4":0,"5":0,"6":0,"7":0,"8":0,"9":0,"10":0,"11":0,"12":0,"13":0,"14":0,"15":0,"16":0,"17":0,"18":0,"19":0,"20":0,"21":0,"22":0,"23":0,"24":0},"b":{"0":[0,0],"1":[0,0],"2":[0,0],"3":[0,0],"4":[0,0]}}
,"E:\\Reps\\BootcampGoStack\\aulas\\appgobarber\\src\\pages\\Dashboard\\index.tsx": {"path":"E:\\Reps\\BootcampGoStack\\aulas\\appgobarber\\src\\pages\\Dashboard\\index.tsx","statementMap":{"0":{"start":{"line":33,"column":28},"end":{"line":101,"column":1}},"1":{"start":{"line":34,"column":36},"end":{"line":34,"column":60}},"2":{"start":{"line":36,"column":28},"end":{"line":36,"column":37}},"3":{"start":{"line":37,"column":23},"end":{"line":37,"column":38}},"4":{"start":{"line":39,"column":2},"end":{"line":43,"column":9}},"5":{"start":{"line":40,"column":4},"end":{"line":42,"column":7}},"6":{"start":{"line":41,"column":6},"end":{"line":41,"column":34}},"7":{"start":{"line":45,"column":28},"end":{"line":47,"column":16}},"8":{"start":{"line":46,"column":4},"end":{"line":46,"column":24}},"9":{"start":{"line":49,"column":38},"end":{"line":54,"column":3}},"10":{"start":{"line":51,"column":6},"end":{"line":51,"column":52}},"11":{"start":{"line":56,"column":2},"end":{"line":100,"column":4}},"12":{"start":{"line":73,"column":34},"end":{"line":73,"column":45}},"13":{"start":{"line":78,"column":10},"end":{"line":96,"column":30}},"14":{"start":{"line":79,"column":27},"end":{"line":79,"column":67}}},"fnMap":{"0":{"name":"(anonymous_0)","decl":{"start":{"line":33,"column":28},"end":{"line":33,"column":29}},"loc":{"start":{"line":33,"column":34},"end":{"line":101,"column":1}},"line":33},"1":{"name":"(anonymous_1)","decl":{"start":{"line":39,"column":12},"end":{"line":39,"column":13}},"loc":{"start":{"line":39,"column":18},"end":{"line":43,"column":3}},"line":39},"2":{"name":"(anonymous_2)","decl":{"start":{"line":40,"column":30},"end":{"line":40,"column":31}},"loc":{"start":{"line":40,"column":42},"end":{"line":42,"column":5}},"line":40},"3":{"name":"(anonymous_3)","decl":{"start":{"line":45,"column":40},"end":{"line":45,"column":41}},"loc":{"start":{"line":45,"column":46},"end":{"line":47,"column":3}},"line":45},"4":{"name":"(anonymous_4)","decl":{"start":{"line":50,"column":4},"end":{"line":50,"column":5}},"loc":{"start":{"line":50,"column":28},"end":{"line":52,"column":5}},"line":50},"5":{"name":"(anonymous_5)","decl":{"start":{"line":73,"column":22},"end":{"line":73,"column":23}},"loc":{"start":{"line":73,"column":34},"end":{"line":73,"column":45}},"line":73},"6":{"name":"(anonymous_6)","decl":{"start":{"line":77,"column":20},"end":{"line":77,"column":21}},"loc":{"start":{"line":78,"column":10},"end":{"line":96,"column":30}},"line":78},"7":{"name":"(anonymous_7)","decl":{"start":{"line":79,"column":21},"end":{"line":79,"column":22}},"loc":{"start":{"line":79,"column":27},"end":{"line":79,"column":67}},"line":79}},"branchMap":{},"s":{"0":0,"1":0,"2":0,"3":0,"4":0,"5":0,"6":0,"7":0,"8":0,"9":0,"10":0,"11":0,"12":0,"13":0,"14":0},"f":{"0":0,"1":0,"2":0,"3":0,"4":0,"5":0,"6":0,"7":0},"b":{}}
,"E:\\Reps\\BootcampGoStack\\aulas\\appgobarber\\src\\pages\\Profile\\index.tsx": {"path":"E:\\Reps\\BootcampGoStack\\aulas\\appgobarber\\src\\pages\\Profile\\index.tsx","statementMap":{"0":{"start":{"line":47,"column":26},"end":{"line":338,"column":1}},"1":{"start":{"line":48,"column":40},"end":{"line":48,"column":49}},"2":{"start":{"line":50,"column":18},"end":{"line":50,"column":43}},"3":{"start":{"line":51,"column":21},"end":{"line":51,"column":36}},"4":{"start":{"line":53,"column":24},"end":{"line":53,"column":47}},"5":{"start":{"line":54,"column":30},"end":{"line":54,"column":53}},"6":{"start":{"line":55,"column":27},"end":{"line":55,"column":50}},"7":{"start":{"line":56,"column":34},"end":{"line":56,"column":57}},"8":{"start":{"line":58,"column":30},"end":{"line":129,"column":3}},"9":{"start":{"line":60,"column":6},"end":{"line":126,"column":7}},"10":{"start":{"line":61,"column":8},"end":{"line":61,"column":39}},"11":{"start":{"line":62,"column":23},"end":{"line":80,"column":10}},"12":{"start":{"line":69,"column":33},"end":{"line":69,"column":45}},"13":{"start":{"line":75,"column":35},"end":{"line":75,"column":47}},"14":{"start":{"line":82,"column":8},"end":{"line":84,"column":11}},"15":{"start":{"line":92,"column":12},"end":{"line":92,"column":16}},"16":{"start":{"line":94,"column":25},"end":{"line":104,"column":9}},"17":{"start":{"line":106,"column":25},"end":{"line":106,"column":60}},"18":{"start":{"line":108,"column":8},"end":{"line":108,"column":34}},"19":{"start":{"line":110,"column":8},"end":{"line":110,"column":54}},"20":{"start":{"line":112,"column":8},"end":{"line":112,"column":28}},"21":{"start":{"line":114,"column":8},"end":{"line":120,"column":9}},"22":{"start":{"line":115,"column":25},"end":{"line":115,"column":49}},"23":{"start":{"line":117,"column":10},"end":{"line":117,"column":45}},"24":{"start":{"line":119,"column":10},"end":{"line":119,"column":17}},"25":{"start":{"line":122,"column":8},"end":{"line":125,"column":10}},"26":{"start":{"line":131,"column":40},"end":{"line":157,"column":18}},"27":{"start":{"line":132,"column":4},"end":{"line":156,"column":6}},"28":{"start":{"line":137,"column":6},"end":{"line":137,"column":37}},"29":{"start":{"line":137,"column":30},"end":{"line":137,"column":37}},"30":{"start":{"line":139,"column":6},"end":{"line":142,"column":7}},"31":{"start":{"line":140,"column":8},"end":{"line":140,"column":51}},"32":{"start":{"line":141,"column":8},"end":{"line":141,"column":43}},"33":{"start":{"line":144,"column":19},"end":{"line":144,"column":33}},"34":{"start":{"line":146,"column":6},"end":{"line":150,"column":8}},"35":{"start":{"line":152,"column":6},"end":{"line":154,"column":8}},"36":{"start":{"line":153,"column":8},"end":{"line":153,"column":36}},"37":{"start":{"line":159,"column":39},"end":{"line":185,"column":18}},"38":{"start":{"line":160,"column":4},"end":{"line":184,"column":6}},"39":{"start":{"line":165,"column":6},"end":{"line":165,"column":37}},"40":{"start":{"line":165,"column":30},"end":{"line":165,"column":37}},"41":{"start":{"line":167,"column":6},"end":{"line":170,"column":7}},"42":{"start":{"line":168,"column":8},"end":{"line":168,"column":51}},"43":{"start":{"line":169,"column":8},"end":{"line":169,"column":57}},"44":{"start":{"line":172,"column":19},"end":{"line":172,"column":33}},"45":{"start":{"line":174,"column":6},"end":{"line":178,"column":8}},"46":{"start":{"line":180,"column":6},"end":{"line":182,"column":8}},"47":{"start":{"line":181,"column":8},"end":{"line":181,"column":36}},"48":{"start":{"line":187,"column":34},"end":{"line":208,"column":36}},"49":{"start":{"line":188,"column":4},"end":{"line":207,"column":5}},"50":{"start":{"line":189,"column":22},"end":{"line":199,"column":7}},"51":{"start":{"line":200,"column":6},"end":{"line":204,"column":7}},"52":{"start":{"line":201,"column":8},"end":{"line":201,"column":39}},"53":{"start":{"line":203,"column":8},"end":{"line":203,"column":15}},"54":{"start":{"line":206,"column":6},"end":{"line":206,"column":24}},"55":{"start":{"line":210,"column":23},"end":{"line":212,"column":18}},"56":{"start":{"line":211,"column":4},"end":{"line":211,"column":24}},"57":{"start":{"line":214,"column":24},"end":{"line":216,"column":15}},"58":{"start":{"line":215,"column":4},"end":{"line":215,"column":14}},"59":{"start":{"line":218,"column":23},"end":{"line":220,"column":8}},"60":{"start":{"line":219,"column":4},"end":{"line":219,"column":43}},"61":{"start":{"line":222,"column":2},"end":{"line":337,"column":4}},"62":{"start":{"line":285,"column":39},"end":{"line":285,"column":69}},"63":{"start":{"line":295,"column":39},"end":{"line":295,"column":75}},"64":{"start":{"line":306,"column":39},"end":{"line":306,"column":72}},"65":{"start":{"line":316,"column":39},"end":{"line":316,"column":79}},"66":{"start":{"line":326,"column":39},"end":{"line":326,"column":68}},"67":{"start":{"line":329,"column":37},"end":{"line":329,"column":66}}},"fnMap":{"0":{"name":"(anonymous_0)","decl":{"start":{"line":47,"column":26},"end":{"line":47,"column":27}},"loc":{"start":{"line":47,"column":32},"end":{"line":338,"column":1}},"line":47},"1":{"name":"(anonymous_1)","decl":{"start":{"line":59,"column":4},"end":{"line":59,"column":5}},"loc":{"start":{"line":59,"column":37},"end":{"line":127,"column":5}},"line":59},"2":{"name":"(anonymous_2)","decl":{"start":{"line":69,"column":16},"end":{"line":69,"column":17}},"loc":{"start":{"line":69,"column":33},"end":{"line":69,"column":45}},"line":69},"3":{"name":"(anonymous_3)","decl":{"start":{"line":75,"column":18},"end":{"line":75,"column":19}},"loc":{"start":{"line":75,"column":35},"end":{"line":75,"column":47}},"line":75},"4":{"name":"(anonymous_4)","decl":{"start":{"line":131,"column":52},"end":{"line":131,"column":53}},"loc":{"start":{"line":131,"column":58},"end":{"line":157,"column":3}},"line":131},"5":{"name":"(anonymous_5)","decl":{"start":{"line":136,"column":7},"end":{"line":136,"column":8}},"loc":{"start":{"line":136,"column":21},"end":{"line":156,"column":5}},"line":136},"6":{"name":"(anonymous_6)","decl":{"start":{"line":152,"column":43},"end":{"line":152,"column":44}},"loc":{"start":{"line":152,"column":60},"end":{"line":154,"column":7}},"line":152},"7":{"name":"(anonymous_7)","decl":{"start":{"line":159,"column":51},"end":{"line":159,"column":52}},"loc":{"start":{"line":159,"column":57},"end":{"line":185,"column":3}},"line":159},"8":{"name":"(anonymous_8)","decl":{"start":{"line":164,"column":7},"end":{"line":164,"column":8}},"loc":{"start":{"line":164,"column":21},"end":{"line":184,"column":5}},"line":164},"9":{"name":"(anonymous_9)","decl":{"start":{"line":180,"column":43},"end":{"line":180,"column":44}},"loc":{"start":{"line":180,"column":60},"end":{"line":182,"column":7}},"line":180},"10":{"name":"(anonymous_10)","decl":{"start":{"line":187,"column":46},"end":{"line":187,"column":47}},"loc":{"start":{"line":187,"column":58},"end":{"line":208,"column":3}},"line":187},"11":{"name":"(anonymous_11)","decl":{"start":{"line":210,"column":35},"end":{"line":210,"column":36}},"loc":{"start":{"line":210,"column":41},"end":{"line":212,"column":3}},"line":210},"12":{"name":"(anonymous_12)","decl":{"start":{"line":214,"column":36},"end":{"line":214,"column":37}},"loc":{"start":{"line":214,"column":42},"end":{"line":216,"column":3}},"line":214},"13":{"name":"(anonymous_13)","decl":{"start":{"line":218,"column":31},"end":{"line":218,"column":32}},"loc":{"start":{"line":218,"column":37},"end":{"line":220,"column":3}},"line":218},"14":{"name":"(anonymous_14)","decl":{"start":{"line":285,"column":33},"end":{"line":285,"column":34}},"loc":{"start":{"line":285,"column":39},"end":{"line":285,"column":69}},"line":285},"15":{"name":"(anonymous_15)","decl":{"start":{"line":295,"column":33},"end":{"line":295,"column":34}},"loc":{"start":{"line":295,"column":39},"end":{"line":295,"column":75}},"line":295},"16":{"name":"(anonymous_16)","decl":{"start":{"line":306,"column":33},"end":{"line":306,"column":34}},"loc":{"start":{"line":306,"column":39},"end":{"line":306,"column":72}},"line":306},"17":{"name":"(anonymous_17)","decl":{"start":{"line":316,"column":33},"end":{"line":316,"column":34}},"loc":{"start":{"line":316,"column":39},"end":{"line":316,"column":79}},"line":316},"18":{"name":"(anonymous_18)","decl":{"start":{"line":326,"column":33},"end":{"line":326,"column":34}},"loc":{"start":{"line":326,"column":39},"end":{"line":326,"column":68}},"line":326},"19":{"name":"(anonymous_19)","decl":{"start":{"line":329,"column":31},"end":{"line":329,"column":32}},"loc":{"start":{"line":329,"column":37},"end":{"line":329,"column":66}},"line":329}},"branchMap":{"0":{"loc":{"start":{"line":97,"column":14},"end":{"line":103,"column":16}},"type":"cond-expr","locations":[{"start":{"line":98,"column":14},"end":{"line":102,"column":13}},{"start":{"line":103,"column":14},"end":{"line":103,"column":16}}],"line":97},"1":{"loc":{"start":{"line":114,"column":8},"end":{"line":120,"column":9}},"type":"if","locations":[{"start":{"line":114,"column":8},"end":{"line":120,"column":9}},{"start":{"line":114,"column":8},"end":{"line":120,"column":9}}],"line":114},"2":{"loc":{"start":{"line":137,"column":6},"end":{"line":137,"column":37}},"type":"if","locations":[{"start":{"line":137,"column":6},"end":{"line":137,"column":37}},{"start":{"line":137,"column":6},"end":{"line":137,"column":37}}],"line":137},"3":{"loc":{"start":{"line":139,"column":6},"end":{"line":142,"column":7}},"type":"if","locations":[{"start":{"line":139,"column":6},"end":{"line":142,"column":7}},{"start":{"line":139,"column":6},"end":{"line":142,"column":7}}],"line":139},"4":{"loc":{"start":{"line":165,"column":6},"end":{"line":165,"column":37}},"type":"if","locations":[{"start":{"line":165,"column":6},"end":{"line":165,"column":37}},{"start":{"line":165,"column":6},"end":{"line":165,"column":37}}],"line":165},"5":{"loc":{"start":{"line":167,"column":6},"end":{"line":170,"column":7}},"type":"if","locations":[{"start":{"line":167,"column":6},"end":{"line":170,"column":7}},{"start":{"line":167,"column":6},"end":{"line":170,"column":7}}],"line":167},"6":{"loc":{"start":{"line":200,"column":6},"end":{"line":204,"column":7}},"type":"if","locations":[{"start":{"line":200,"column":6},"end":{"line":204,"column":7}},{"start":{"line":200,"column":6},"end":{"line":204,"column":7}}],"line":200},"7":{"loc":{"start":{"line":226,"column":18},"end":{"line":226,"column":63}},"type":"cond-expr","locations":[{"start":{"line":226,"column":42},"end":{"line":226,"column":51}},{"start":{"line":226,"column":54},"end":{"line":226,"column":63}}],"line":226}},"s":{"0":0,"1":0,"2":0,"3":0,"4":0,"5":0,"6":0,"7":0,"8":0,"9":0,"10":0,"11":0,"12":0,"13":0,"14":0,"15":0,"16":0,"17":0,"18":0,"19":0,"20":0,"21":0,"22":0,"23":0,"24":0,"25":0,"26":0,"27":0,"28":0,"29":0,"30":0,"31":0,"32":0,"33":0,"34":0,"35":0,"36":0,"37":0,"38":0,"39":0,"40":0,"41":0,"42":0,"43":0,"44":0,"45":0,"46":0,"47":0,"48":0,"49":0,"50":0,"51":0,"52":0,"53":0,"54":0,"55":0,"56":0,"57":0,"58":0,"59":0,"60":0,"61":0,"62":0,"63":0,"64":0,"65":0,"66":0,"67":0},"f":{"0":0,"1":0,"2":0,"3":0,"4":0,"5":0,"6":0,"7":0,"8":0,"9":0,"10":0,"11":0,"12":0,"13":0,"14":0,"15":0,"16":0,"17":0,"18":0,"19":0},"b":{"0":[0,0],"1":[0,0],"2":[0,0],"3":[0,0],"4":[0,0],"5":[0,0],"6":[0,0],"7":[0,0]}}
,"E:\\Reps\\BootcampGoStack\\aulas\\appgobarber\\src\\pages\\SignIn\\index.tsx": {"path":"E:\\Reps\\BootcampGoStack\\aulas\\appgobarber\\src\\pages\\SignIn\\index.tsx","statementMap":{"0":{"start":{"line":39,"column":25},"end":{"line":148,"column":1}},"1":{"start":{"line":40,"column":18},"end":{"line":40,"column":43}},"2":{"start":{"line":41,"column":27},"end":{"line":41,"column":50}},"3":{"start":{"line":42,"column":21},"end":{"line":42,"column":36}},"4":{"start":{"line":44,"column":21},"end":{"line":44,"column":30}},"5":{"start":{"line":46,"column":23},"end":{"line":81,"column":3}},"6":{"start":{"line":48,"column":6},"end":{"line":78,"column":7}},"7":{"start":{"line":49,"column":8},"end":{"line":49,"column":39}},"8":{"start":{"line":50,"column":23},"end":{"line":55,"column":10}},"9":{"start":{"line":57,"column":8},"end":{"line":59,"column":11}},"10":{"start":{"line":61,"column":8},"end":{"line":64,"column":11}},"11":{"start":{"line":66,"column":8},"end":{"line":72,"column":9}},"12":{"start":{"line":67,"column":25},"end":{"line":67,"column":49}},"13":{"start":{"line":69,"column":10},"end":{"line":69,"column":45}},"14":{"start":{"line":71,"column":10},"end":{"line":71,"column":17}},"15":{"start":{"line":74,"column":8},"end":{"line":77,"column":10}},"16":{"start":{"line":83,"column":2},"end":{"line":147,"column":4}},"17":{"start":{"line":110,"column":18},"end":{"line":110,"column":52}},"18":{"start":{"line":122,"column":18},"end":{"line":122,"column":48}},"19":{"start":{"line":128,"column":18},"end":{"line":128,"column":48}},"20":{"start":{"line":135,"column":43},"end":{"line":135,"column":58}},"21":{"start":{"line":142,"column":42},"end":{"line":142,"column":71}}},"fnMap":{"0":{"name":"(anonymous_0)","decl":{"start":{"line":39,"column":25},"end":{"line":39,"column":26}},"loc":{"start":{"line":39,"column":31},"end":{"line":148,"column":1}},"line":39},"1":{"name":"(anonymous_1)","decl":{"start":{"line":47,"column":4},"end":{"line":47,"column":5}},"loc":{"start":{"line":47,"column":34},"end":{"line":79,"column":5}},"line":47},"2":{"name":"(anonymous_2)","decl":{"start":{"line":109,"column":33},"end":{"line":109,"column":34}},"loc":{"start":{"line":109,"column":39},"end":{"line":111,"column":17}},"line":109},"3":{"name":"(anonymous_3)","decl":{"start":{"line":121,"column":33},"end":{"line":121,"column":34}},"loc":{"start":{"line":121,"column":39},"end":{"line":123,"column":17}},"line":121},"4":{"name":"(anonymous_4)","decl":{"start":{"line":127,"column":25},"end":{"line":127,"column":26}},"loc":{"start":{"line":127,"column":31},"end":{"line":129,"column":17}},"line":127},"5":{"name":"(anonymous_5)","decl":{"start":{"line":135,"column":37},"end":{"line":135,"column":38}},"loc":{"start":{"line":135,"column":43},"end":{"line":135,"column":58}},"line":135},"6":{"name":"(anonymous_6)","decl":{"start":{"line":142,"column":36},"end":{"line":142,"column":37}},"loc":{"start":{"line":142,"column":42},"end":{"line":142,"column":71}},"line":142}},"branchMap":{"0":{"loc":{"start":{"line":66,"column":8},"end":{"line":72,"column":9}},"type":"if","locations":[{"start":{"line":66,"column":8},"end":{"line":72,"column":9}},{"start":{"line":66,"column":8},"end":{"line":72,"column":9}}],"line":66},"1":{"loc":{"start":{"line":87,"column":18},"end":{"line":87,"column":63}},"type":"cond-expr","locations":[{"start":{"line":87,"column":42},"end":{"line":87,"column":51}},{"start":{"line":87,"column":54},"end":{"line":87,"column":63}}],"line":87}},"s":{"0":1,"1":1,"2":1,"3":1,"4":1,"5":1,"6":0,"7":0,"8":0,"9":0,"10":0,"11":0,"12":0,"13":0,"14":0,"15":0,"16":1,"17":0,"18":0,"19":0,"20":0,"21":0},"f":{"0":1,"1":0,"2":0,"3":0,"4":0,"5":0,"6":0},"b":{"0":[0,0],"1":[1,0]},"_coverageSchema":"1a1c01bbd47fc00a2c39e90264f33305004495a9","hash":"91e5adcdfa040adf4b25102255c088c7acd553f6"}
,"E:\\Reps\\BootcampGoStack\\aulas\\appgobarber\\src\\pages\\SignUp\\index.tsx": {"path":"E:\\Reps\\BootcampGoStack\\aulas\\appgobarber\\src\\pages\\SignUp\\index.tsx","statementMap":{"0":{"start":{"line":33,"column":25},"end":{"line":143,"column":1}},"1":{"start":{"line":34,"column":18},"end":{"line":34,"column":43}},"2":{"start":{"line":35,"column":21},"end":{"line":35,"column":36}},"3":{"start":{"line":37,"column":24},"end":{"line":37,"column":47}},"4":{"start":{"line":38,"column":27},"end":{"line":38,"column":50}},"5":{"start":{"line":40,"column":23},"end":{"line":80,"column":3}},"6":{"start":{"line":42,"column":6},"end":{"line":77,"column":7}},"7":{"start":{"line":43,"column":8},"end":{"line":43,"column":39}},"8":{"start":{"line":44,"column":23},"end":{"line":50,"column":10}},"9":{"start":{"line":52,"column":8},"end":{"line":54,"column":11}},"10":{"start":{"line":56,"column":8},"end":{"line":56,"column":39}},"11":{"start":{"line":58,"column":8},"end":{"line":61,"column":10}},"12":{"start":{"line":63,"column":8},"end":{"line":63,"column":28}},"13":{"start":{"line":65,"column":8},"end":{"line":71,"column":9}},"14":{"start":{"line":66,"column":25},"end":{"line":66,"column":49}},"15":{"start":{"line":68,"column":10},"end":{"line":68,"column":45}},"16":{"start":{"line":70,"column":10},"end":{"line":70,"column":17}},"17":{"start":{"line":73,"column":8},"end":{"line":76,"column":10}},"18":{"start":{"line":82,"column":2},"end":{"line":142,"column":4}},"19":{"start":{"line":106,"column":39},"end":{"line":106,"column":69}},"20":{"start":{"line":116,"column":39},"end":{"line":116,"column":72}},"21":{"start":{"line":126,"column":39},"end":{"line":126,"column":68}},"22":{"start":{"line":129,"column":37},"end":{"line":129,"column":66}},"23":{"start":{"line":137,"column":35},"end":{"line":137,"column":54}}},"fnMap":{"0":{"name":"(anonymous_0)","decl":{"start":{"line":33,"column":25},"end":{"line":33,"column":26}},"loc":{"start":{"line":33,"column":31},"end":{"line":143,"column":1}},"line":33},"1":{"name":"(anonymous_1)","decl":{"start":{"line":41,"column":4},"end":{"line":41,"column":5}},"loc":{"start":{"line":41,"column":36},"end":{"line":78,"column":5}},"line":41},"2":{"name":"(anonymous_2)","decl":{"start":{"line":106,"column":33},"end":{"line":106,"column":34}},"loc":{"start":{"line":106,"column":39},"end":{"line":106,"column":69}},"line":106},"3":{"name":"(anonymous_3)","decl":{"start":{"line":116,"column":33},"end":{"line":116,"column":34}},"loc":{"start":{"line":116,"column":39},"end":{"line":116,"column":72}},"line":116},"4":{"name":"(anonymous_4)","decl":{"start":{"line":126,"column":33},"end":{"line":126,"column":34}},"loc":{"start":{"line":126,"column":39},"end":{"line":126,"column":68}},"line":126},"5":{"name":"(anonymous_5)","decl":{"start":{"line":129,"column":31},"end":{"line":129,"column":32}},"loc":{"start":{"line":129,"column":37},"end":{"line":129,"column":66}},"line":129},"6":{"name":"(anonymous_6)","decl":{"start":{"line":137,"column":29},"end":{"line":137,"column":30}},"loc":{"start":{"line":137,"column":35},"end":{"line":137,"column":54}},"line":137}},"branchMap":{"0":{"loc":{"start":{"line":65,"column":8},"end":{"line":71,"column":9}},"type":"if","locations":[{"start":{"line":65,"column":8},"end":{"line":71,"column":9}},{"start":{"line":65,"column":8},"end":{"line":71,"column":9}}],"line":65},"1":{"loc":{"start":{"line":86,"column":18},"end":{"line":86,"column":63}},"type":"cond-expr","locations":[{"start":{"line":86,"column":42},"end":{"line":86,"column":51}},{"start":{"line":86,"column":54},"end":{"line":86,"column":63}}],"line":86}},"s":{"0":0,"1":0,"2":0,"3":0,"4":0,"5":0,"6":0,"7":0,"8":0,"9":0,"10":0,"11":0,"12":0,"13":0,"14":0,"15":0,"16":0,"17":0,"18":0,"19":0,"20":0,"21":0,"22":0,"23":0},"f":{"0":0,"1":0,"2":0,"3":0,"4":0,"5":0,"6":0},"b":{"0":[0,0],"1":[0,0]}}
}
